d:\my_major\oopc++\bank\debug\vc142.pdb
d:\my_major\oopc++\bank\debug\vc142.idb
d:\my_major\oopc++\bank\debug\withdraw.obj
d:\my_major\oopc++\bank\debug\setfile.obj
d:\my_major\oopc++\bank\debug\main.obj
d:\my_major\oopc++\bank\debug\deposit.obj
d:\my_major\oopc++\bank\debug\dayofbirth.obj
d:\my_major\oopc++\bank\debug\customer.obj
d:\my_major\oopc++\bank\debug\arr_account.obj
d:\my_major\oopc++\bank\debug\account.obj
d:\my_major\oopc++\bank\debug\transaction.obj
d:\my_major\oopc++\debug\bank.exe
d:\my_major\oopc++\bank\debug\bank.ilk
d:\my_major\oopc++\debug\bank.pdb
d:\my_major\oopc++\bank\debug\bank.tlog\cl.command.1.tlog
d:\my_major\oopc++\bank\debug\bank.tlog\cl.read.1.tlog
d:\my_major\oopc++\bank\debug\bank.tlog\cl.write.1.tlog
d:\my_major\oopc++\bank\debug\bank.tlog\link-cvtres.read.1.tlog
d:\my_major\oopc++\bank\debug\bank.tlog\link-cvtres.write.1.tlog
d:\my_major\oopc++\bank\debug\bank.tlog\link-rc.read.1.tlog
d:\my_major\oopc++\bank\debug\bank.tlog\link-rc.write.1.tlog
d:\my_major\oopc++\bank\debug\bank.tlog\link.14084-cvtres.read.1.tlog
d:\my_major\oopc++\bank\debug\bank.tlog\link.14084-cvtres.write.1.tlog
d:\my_major\oopc++\bank\debug\bank.tlog\link.14084-rc.read.1.tlog
d:\my_major\oopc++\bank\debug\bank.tlog\link.14084-rc.write.1.tlog
d:\my_major\oopc++\bank\debug\bank.tlog\link.14084.read.1.tlog
d:\my_major\oopc++\bank\debug\bank.tlog\link.14084.write.1.tlog
d:\my_major\oopc++\bank\debug\bank.tlog\link.command.1.tlog
d:\my_major\oopc++\bank\debug\bank.tlog\link.read.1.tlog
d:\my_major\oopc++\bank\debug\bank.tlog\link.write.1.tlog
